0 info it worked if it ends with ok
1 verbose cli [ 'node', '/usr/local/bin/npm', 'install' ]
2 info using npm@2.15.1
3 info using node@v0.10.46
4 verbose node symlink /usr/local/bin/node
5 verbose config Skipping project config: /Users/scotter/.npmrc. (matches userconfig)
6 verbose readDependencies loading dependencies from /Users/scotter/package.json
7 error install Couldn't read dependencies
8 verbose stack Error: ENOENT, open '/Users/scotter/package.json'
9 verbose cwd /Users/scotter/workspaces/disrupt/slack
10 error Darwin 15.6.0
11 error argv "node" "/usr/local/bin/npm" "install"
12 error node v0.10.46
13 error npm  v2.15.1
14 error path /Users/scotter/package.json
15 error code ENOPACKAGEJSON
16 error errno 34
17 error package.json ENOENT, open '/Users/scotter/package.json'
17 error package.json This is most likely not a problem with npm itself.
17 error package.json npm can't find a package.json file in your current directory.
18 verbose exit [ 34, true ]
